<?xml version="1.0" encoding="UTF-8"?>
<!-- Generated by org.testng.reporters.JUnitReportReporter -->
<testsuite hostname="RonnieDanielaPCG" failures="0" tests="1" name="EcoTestAut.EcoTestAut.AppTest" time="0.008" errors="0" timestamp="2022-06-12T18:36:46 ART" skipped="0">
  <testcase classname="EcoTestAut.EcoTestAut.AppTest" name="shouldAnswerWithTrue" time="0.008"/>
  <system-out/>
</testsuite> <!-- EcoTestAut.EcoTestAut.AppTest -->
