<?xml version="1.0" encoding="UTF-8"?>
<!-- Generated by org.testng.reporters.JUnitReportReporter -->
<testsuite hostname="RonnieDanielaPCG" failures="0" tests="1" name="Pruebas.PracticeTest" time="1.806" errors="0" timestamp="2022-06-26T14:29:01 ART" skipped="0">
  <testcase classname="Pruebas.PracticeTest" name="buscarPalabra" time="1.806"/>
  <system-out/>
</testsuite> <!-- Pruebas.PracticeTest -->
