<?xml version="1.0" encoding="UTF-8"?>
<!-- Generated by org.testng.reporters.JUnitReportReporter -->
<testsuite hostname="RonnieDanielaPCG" failures="0" tests="1" name="EcoTestAut.EcoTestAut.Clase02" time="6.966" errors="0" timestamp="2022-06-12T21:45:20 ART" skipped="0">
  <testcase classname="EcoTestAut.EcoTestAut.Clase02" name="irAContactUs" time="6.966"/>
  <system-out/>
</testsuite> <!-- EcoTestAut.EcoTestAut.Clase02 -->
