<?xml version="1.0" encoding="UTF-8"?>
<!-- Generated by org.testng.reporters.JUnitReportReporter -->
<testsuite hostname="DESKTOP-Q0TAO2S" failures="0" tests="1" name="EcoTestAut.EcoTestAut.Clase04" time="13.845" errors="0" timestamp="2022-06-16T18:41:06 ART" skipped="0">
  <testcase classname="EcoTestAut.EcoTestAut.Clase04" name="registrarUsuario" time="13.845"/>
  <system-out/>
</testsuite> <!-- EcoTestAut.EcoTestAut.Clase04 -->
